<?xml version="1.0" encoding="UTF-8"?>
<testng-results total="3" passed="3" failed="0" skipped="0">
  <reporter-output>
  </reporter-output>
  <suite started-at="2022-10-20T15:16:45Z" name="Default suite" finished-at="2022-10-20T15:17:28Z" duration-ms="42831">
    <groups>
    </groups>
    <test started-at="2022-10-20T15:16:45Z" name="Default test" finished-at="2022-10-20T15:17:28Z" duration-ms="42831">
      <class name="firstcasestudy1.userdelete">
        <test-method is-config="true" signature="beforetest()[pri:0, instance:firstcasestudy1.userdelete@46b61c56]" started-at="2022-10-20T20:46:45Z" name="beforetest" finished-at="2022-10-20T20:47:00Z" duration-ms="14758" status="PASS">
          <reporter-output>
          </reporter-output>
        </test-method> <!-- beforetest -->
        <test-method signature="Testcase1()[pri:0, instance:firstcasestudy1.userdelete@46b61c56]" started-at="2022-10-20T20:47:00Z" name="Testcase1" finished-at="2022-10-20T20:47:02Z" duration-ms="2361" status="PASS">
          <reporter-output>
          </reporter-output>
        </test-method> <!-- Testcase1 -->
        <test-method signature="Testcase2()[pri:1, instance:firstcasestudy1.userdelete@46b61c56]" started-at="2022-10-20T20:47:02Z" name="Testcase2" finished-at="2022-10-20T20:47:04Z" duration-ms="2063" status="PASS">
          <reporter-output>
          </reporter-output>
        </test-method> <!-- Testcase2 -->
        <test-method signature="Testcase3()[pri:2, instance:firstcasestudy1.userdelete@46b61c56]" started-at="2022-10-20T20:47:04Z" name="Testcase3" finished-at="2022-10-20T20:47:25Z" duration-ms="20608" status="PASS">
          <reporter-output>
          </reporter-output>
        </test-method> <!-- Testcase3 -->
        <test-method is-config="true" signature="bt()[pri:0, instance:firstcasestudy1.userdelete@46b61c56]" started-at="2022-10-20T20:47:25Z" name="bt" finished-at="2022-10-20T20:47:28Z" duration-ms="3003" status="PASS">
          <reporter-output>
          </reporter-output>
        </test-method> <!-- bt -->
      </class> <!-- firstcasestudy1.userdelete -->
    </test> <!-- Default test -->
  </suite> <!-- Default suite -->
</testng-results>
