<?xml version="1.0" encoding="UTF-8"?>
<!-- Generated by org.testng.reporters.JUnitXMLReporter -->
<testsuite hostname="DESKTOP-UE7RBIH" failures="0" tests="3" name="Surefire test" time="46.342" errors="0" timestamp="20 Oct 2022 15:19:54 GMT">
  <testcase classname="firstcasestudy1.userdelete" name="Testcase1" time="2.347"/>
  <testcase classname="firstcasestudy1.userdelete" name="Testcase2" time="2.542"/>
  <testcase classname="firstcasestudy1.userdelete" name="Testcase3" time="20.865"/>
</testsuite> <!-- Surefire test -->
