<?xml version="1.0" encoding="UTF-8"?>
<!-- Generated by org.testng.reporters.JUnitXMLReporter -->
<testsuite hostname="DESKTOP-UE7RBIH" failures="0" tests="3" name="Default test" time="42.831" errors="0" timestamp="20 Oct 2022 15:17:28 GMT">
  <testcase classname="firstcasestudy1.userdelete" name="Testcase1" time="2.361"/>
  <testcase classname="firstcasestudy1.userdelete" name="Testcase2" time="2.063"/>
  <testcase classname="firstcasestudy1.userdelete" name="Testcase3" time="20.608"/>
</testsuite> <!-- Default test -->
