<?xml version="1.0" encoding="UTF-8"?>
<testng-results total="3" passed="3" failed="0" skipped="0">
  <reporter-output>
  </reporter-output>
  <suite started-at="2022-10-20T15:19:08Z" name="Surefire suite" finished-at="2022-10-20T15:19:54Z" duration-ms="46342">
    <groups>
    </groups>
    <test started-at="2022-10-20T15:19:08Z" name="Surefire test" finished-at="2022-10-20T15:19:54Z" duration-ms="46342">
      <class name="firstcasestudy1.userdelete">
        <test-method is-config="true" signature="beforetest()[pri:0, instance:firstcasestudy1.userdelete@10b48321]" started-at="2022-10-20T20:49:08Z" name="beforetest" finished-at="2022-10-20T20:49:26Z" duration-ms="17563" status="PASS">
          <reporter-output>
          </reporter-output>
        </test-method> <!-- beforetest -->
        <test-method signature="Testcase1()[pri:0, instance:firstcasestudy1.userdelete@10b48321]" started-at="2022-10-20T20:49:26Z" name="Testcase1" finished-at="2022-10-20T20:49:28Z" duration-ms="2347" status="PASS">
          <reporter-output>
          </reporter-output>
        </test-method> <!-- Testcase1 -->
        <test-method signature="Testcase2()[pri:1, instance:firstcasestudy1.userdelete@10b48321]" started-at="2022-10-20T20:49:28Z" name="Testcase2" finished-at="2022-10-20T20:49:31Z" duration-ms="2542" status="PASS">
          <reporter-output>
          </reporter-output>
        </test-method> <!-- Testcase2 -->
        <test-method signature="Testcase3()[pri:2, instance:firstcasestudy1.userdelete@10b48321]" started-at="2022-10-20T20:49:31Z" name="Testcase3" finished-at="2022-10-20T20:49:51Z" duration-ms="20865" status="PASS">
          <reporter-output>
          </reporter-output>
        </test-method> <!-- Testcase3 -->
        <test-method is-config="true" signature="bt()[pri:0, instance:firstcasestudy1.userdelete@10b48321]" started-at="2022-10-20T20:49:51Z" name="bt" finished-at="2022-10-20T20:49:54Z" duration-ms="3008" status="PASS">
          <reporter-output>
          </reporter-output>
        </test-method> <!-- bt -->
      </class> <!-- firstcasestudy1.userdelete -->
    </test> <!-- Surefire test -->
  </suite> <!-- Surefire suite -->
</testng-results>
