<?xml version="1.0" encoding="UTF-8"?>
<testsuite xmlns:xsi="http://www.w3.org/2001/XMLSchema-instance" xsi:noNamespaceSchemaLocation="https://maven.apache.org/surefire/maven-surefire-plugin/xsd/surefire-test-report-3.0.xsd" version="3.0" name="firstcasestudy1.userdelete" time="47.473" tests="3" errors="0" skipped="0" failures="0">
  <properties>
[...]
</properties>
  <testcase name="Testcase1" classname="firstcasestudy1.userdelete" time="2.303">
    <system-out><![CDATA[https://opensource-demo.orangehrmlive.com/web/index.php/auth/login
]]></system-out>
    <system-err><![CDATA[SLF4J: Failed to load class "org.slf4j.impl.StaticLoggerBinder".
SLF4J: Defaulting to no-operation (NOP) logger implementation
SLF4J: See http://www.slf4j.org/codes.html#StaticLoggerBinder for further details.
Starting ChromeDriver 106.0.5249.61 (511755355844955cd3e264779baf0dd38212a4d0-refs/branch-heads/5249@{#569}) on port 57149
Only local connections are allowed.
Please see https://chromedriver.chromium.org/security-considerations for suggestions on keeping ChromeDriver safe.
ChromeDriver was started successfully.
Oct 20, 2022 8:49:14 PM org.openqa.selenium.remote.ProtocolHandshake createSession
INFO: Detected upstream dialect: W3C
Oct 20, 2022 8:49:16 PM org.openqa.selenium.devtools.CdpVersionFinder findNearestMatch
INFO: Found exact CDP implementation for version 106
]]></system-err>
  </testcase>
  <testcase name="Testcase2" classname="firstcasestudy1.userdelete" time="2.554">
    <system-out><![CDATA[Total no of checkboxes:16
Total no of Links are 
Total no of Links are Admin
Total no of Links are PIM
Total no of Links are Leave
Total no of Links are Time
Total no of Links are Recruitment
Total no of Links are My Info
Total no of Links are Performance
Total no of Links are Dashboard
Total no of Links are Directory
Total no of Links are Maintenance
Total no of Links are Buzz
Total no of Links are Employee List
Total no of Links are Add Employee
Total no of Links are Reports
Total no of Links are OrangeHRM, Inc
]]></system-out>
  </testcase>
  <testcase name="Testcase3" classname="firstcasestudy1.userdelete" time="20.853"/>
</testsuite>